[debug] [2018-10-19T22:02:28.934Z] ----------------------------------------------------------------------
[debug] [2018-10-19T22:02:28.935Z] Command:       /usr/local/bin/node /usr/local/bin/firebase serve --only hosting
[debug] [2018-10-19T22:02:28.935Z] CLI Version:   5.0.1
[debug] [2018-10-19T22:02:28.935Z] Platform:      darwin
[debug] [2018-10-19T22:02:28.935Z] Node Version:  v8.11.1
[debug] [2018-10-19T22:02:28.936Z] Time:          Fri Oct 19 2018 19:02:28 GMT-0300 (-03)
[debug] [2018-10-19T22:02:28.936Z] ----------------------------------------------------------------------
[debug] 
[debug] [2018-10-19T22:02:28.944Z] > command requires scopes: ["email","openid","https://www.googleapis.com/auth/cloudplatformprojects.readonly","https://www.googleapis.com/auth/firebase","https://www.googleapis.com/auth/cloud-platform"]
[debug] [2018-10-19T22:02:28.944Z] > authorizing via signed-in user
[debug] [2018-10-19T22:02:28.945Z] [iam] checking project space-cards for permissions ["firebase.projects.get"]
[debug] [2018-10-19T22:02:28.946Z] > refreshing access token with scopes: ["email","https://www.googleapis.com/auth/cloud-platform","https://www.googleapis.com/auth/cloudplatformprojects.readonly","https://www.googleapis.com/auth/firebase","openid"]
[debug] [2018-10-19T22:02:28.946Z] >>> HTTP REQUEST POST https://www.googleapis.com/oauth2/v3/token  
 <request body omitted>
[debug] [2018-10-19T22:02:30.596Z] <<< HTTP RESPONSE 200
[debug] [2018-10-19T22:02:30.613Z] >>> HTTP REQUEST POST https://cloudresourcemanager.googleapis.com/v1/projects/space-cards:testIamPermissions  

[debug] [2018-10-19T22:02:34.175Z] <<< HTTP RESPONSE 200
[debug] [2018-10-19T22:02:34.176Z] >>> HTTP REQUEST GET https://cloudresourcemanager.googleapis.com/v1/projects/space-cards  
 
[debug] [2018-10-19T22:02:35.917Z] <<< HTTP RESPONSE 200
[info] 
[info] === Serving from '/Users/baumblatt/wks/space-cards-contest'...
[info] 
[debug] [2018-10-19T22:02:35.919Z] >>> HTTP REQUEST GET https://mobilesdk-pa.googleapis.com/v1/projects/931335951093/clients/_:getWebAppConfig  
 
[debug] [2018-10-19T22:02:39.399Z] <<< HTTP RESPONSE 200
[info] i  hosting: Serving hosting files from: www
[info] ✔  hosting: Local server: http://localhost:5000
